<?xml version="1.0" encoding="UTF-8"?>
<testsuite name="Cucumber" time="21.38" tests="3" skipped="0" failures="0" errors="0">
<testcase classname="Performing CRUD Operations Using Cyclos" name="User calls web service to create a Address - Example #1.1" time="7.14">
<system-out><![CDATA[
Given prepare the request body..............................................passed
When create address endpoint is invoked.....................................passed
And verify the status code..................................................passed
Then verify address created.................................................passed
]]></system-out>
</testcase>
<testcase classname="Performing CRUD Operations Using Cyclos" name="User calls web service to get Address - Example #1.1" time="1.031">
<system-out><![CDATA[
Given prepare the request...................................................passed
When get address endpoint is invoked "id"...................................passed
And verify the status code..................................................passed
]]></system-out>
</testcase>
<testcase classname="Performing CRUD Operations Using Cyclos" name="User calls web service to delete a exsiting address - Example #1.1" time="3.417">
<system-out><![CDATA[
Given prepare the request...................................................passed
When delete address endpoint is invoked "id"................................passed
And verify the status code..................................................passed
Then verify address deleted.................................................passed
]]></system-out>
</testcase>
</testsuite>
